mode: set
go_tutoriols/VectorEngine/distance.go:5.67,6.22 1 1
go_tutoriols/VectorEngine/distance.go:6.22,8.3 1 1
go_tutoriols/VectorEngine/distance.go:10.2,12.30 2 1
go_tutoriols/VectorEngine/distance.go:12.30,15.3 2 1
go_tutoriols/VectorEngine/distance.go:17.2,17.17 1 1
go_tutoriols/VectorEngine/insert.go:8.45,9.29 1 1
go_tutoriols/VectorEngine/insert.go:9.29,11.3 1 0
go_tutoriols/VectorEngine/insert.go:12.2,20.23 3 1
go_tutoriols/VectorEngine/insert.go:20.23,23.3 2 1
go_tutoriols/VectorEngine/insert.go:25.2,26.16 2 1
go_tutoriols/VectorEngine/insert.go:26.16,28.3 1 0
go_tutoriols/VectorEngine/insert.go:30.2,33.49 3 1
go_tutoriols/VectorEngine/insert.go:33.49,35.3 1 0
go_tutoriols/VectorEngine/insert.go:37.2,44.31 3 1
go_tutoriols/VectorEngine/insert.go:44.31,45.35 1 1
go_tutoriols/VectorEngine/insert.go:45.35,47.4 1 1
go_tutoriols/VectorEngine/insert.go:47.9,49.18 2 0
go_tutoriols/VectorEngine/insert.go:49.18,51.5 1 0
go_tutoriols/VectorEngine/insert.go:52.4,52.36 1 0
go_tutoriols/VectorEngine/insert.go:56.2,56.39 1 1
go_tutoriols/VectorEngine/insert.go:56.39,58.3 1 0
go_tutoriols/VectorEngine/insert.go:60.2,60.44 1 1
go_tutoriols/VectorEngine/insert.go:60.44,65.40 3 1
go_tutoriols/VectorEngine/insert.go:65.40,67.4 1 1
go_tutoriols/VectorEngine/insert.go:70.2,72.12 3 1
go_tutoriols/VectorEngine/main.go:3.14,5.2 0 0
go_tutoriols/VectorEngine/search.go:12.57,14.31 1 1
go_tutoriols/VectorEngine/search.go:14.31,16.3 1 1
go_tutoriols/VectorEngine/search.go:18.2,18.23 1 1
go_tutoriols/VectorEngine/search.go:18.23,20.3 1 1
go_tutoriols/VectorEngine/search.go:22.2,24.16 2 1
go_tutoriols/VectorEngine/search.go:24.16,26.3 1 0
go_tutoriols/VectorEngine/search.go:28.2,28.39 1 1
go_tutoriols/VectorEngine/storage.go:18.43,25.2 1 1
go_tutoriols/VectorEngine/storage.go:27.71,28.23 1 1
go_tutoriols/VectorEngine/storage.go:28.23,30.3 1 1
go_tutoriols/VectorEngine/storage.go:32.2,35.6 3 1
go_tutoriols/VectorEngine/storage.go:35.6,41.17 4 1
go_tutoriols/VectorEngine/storage.go:41.17,43.4 1 0
go_tutoriols/VectorEngine/storage.go:44.3,47.38 3 1
go_tutoriols/VectorEngine/storage.go:47.38,48.37 1 1
go_tutoriols/VectorEngine/storage.go:48.37,49.25 1 0
go_tutoriols/VectorEngine/storage.go:49.25,53.6 3 0
go_tutoriols/VectorEngine/storage.go:54.5,54.13 1 0
go_tutoriols/VectorEngine/storage.go:57.4,58.18 2 1
go_tutoriols/VectorEngine/storage.go:58.18,60.5 1 0
go_tutoriols/VectorEngine/storage.go:61.4,63.35 2 1
go_tutoriols/VectorEngine/storage.go:63.35,67.5 3 1
go_tutoriols/VectorEngine/storage.go:70.3,70.16 1 1
go_tutoriols/VectorEngine/storage.go:70.16,71.9 1 1
go_tutoriols/VectorEngine/storage.go:73.3,73.17 1 1
go_tutoriols/VectorEngine/storage.go:76.2,76.30 1 1
