mode: set
go_tutoriols/VectorEngine/candidate.go:27.39,29.2 1 1
go_tutoriols/VectorEngine/candidate.go:31.29,33.2 1 1
go_tutoriols/VectorEngine/candidate.go:35.34,37.2 1 1
go_tutoriols/VectorEngine/candidate.go:41.36,42.12 1 1
go_tutoriols/VectorEngine/candidate.go:42.12,44.25 2 1
go_tutoriols/VectorEngine/candidate.go:44.25,45.9 1 1
go_tutoriols/VectorEngine/candidate.go:47.3,48.13 2 1
go_tutoriols/VectorEngine/candidate.go:52.38,55.6 2 1
go_tutoriols/VectorEngine/candidate.go:55.6,60.40 4 1
go_tutoriols/VectorEngine/candidate.go:60.40,62.4 1 0
go_tutoriols/VectorEngine/candidate.go:63.3,63.42 1 1
go_tutoriols/VectorEngine/candidate.go:63.42,65.4 1 0
go_tutoriols/VectorEngine/candidate.go:66.3,66.19 1 1
go_tutoriols/VectorEngine/candidate.go:66.19,67.9 1 1
go_tutoriols/VectorEngine/candidate.go:70.3,71.14 2 0
go_tutoriols/VectorEngine/candidate.go:77.37,80.2 2 1
go_tutoriols/VectorEngine/candidate.go:82.35,89.21 5 1
go_tutoriols/VectorEngine/candidate.go:89.21,91.3 1 1
go_tutoriols/VectorEngine/candidate.go:93.2,93.12 1 1
go_tutoriols/VectorEngine/candidate.go:96.35,98.2 1 0
go_tutoriols/VectorEngine/candidate.go:104.77,107.17 1 1
go_tutoriols/VectorEngine/candidate.go:107.17,109.3 1 0
go_tutoriols/VectorEngine/candidate.go:111.2,111.31 1 1
go_tutoriols/VectorEngine/candidate.go:111.31,113.3 1 0
go_tutoriols/VectorEngine/candidate.go:119.2,122.26 3 1
go_tutoriols/VectorEngine/candidate.go:122.26,124.3 1 0
go_tutoriols/VectorEngine/candidate.go:126.2,126.30 1 1
go_tutoriols/VectorEngine/candidate.go:126.30,128.17 2 1
go_tutoriols/VectorEngine/candidate.go:128.17,130.4 1 0
go_tutoriols/VectorEngine/candidate.go:131.3,131.17 1 1
go_tutoriols/VectorEngine/candidate.go:134.2,142.30 3 1
go_tutoriols/VectorEngine/candidate.go:142.30,145.3 2 1
go_tutoriols/VectorEngine/candidate.go:148.2,166.21 7 1
go_tutoriols/VectorEngine/candidate.go:166.21,173.32 3 1
go_tutoriols/VectorEngine/candidate.go:173.32,175.30 1 1
go_tutoriols/VectorEngine/candidate.go:175.30,176.13 1 1
go_tutoriols/VectorEngine/candidate.go:179.4,185.23 4 1
go_tutoriols/VectorEngine/candidate.go:185.23,187.5 1 1
go_tutoriols/VectorEngine/candidate.go:187.10,187.34 1 0
go_tutoriols/VectorEngine/candidate.go:187.34,190.5 2 0
go_tutoriols/VectorEngine/candidate.go:193.4,195.25 2 1
go_tutoriols/VectorEngine/candidate.go:195.25,199.39 2 0
go_tutoriols/VectorEngine/candidate.go:199.39,200.47 1 0
go_tutoriols/VectorEngine/candidate.go:200.47,202.7 1 0
go_tutoriols/VectorEngine/candidate.go:205.5,206.39 2 0
go_tutoriols/VectorEngine/candidate.go:211.2,211.21 1 1
go_tutoriols/VectorEngine/distance.go:5.67,6.22 1 1
go_tutoriols/VectorEngine/distance.go:6.22,8.3 1 1
go_tutoriols/VectorEngine/distance.go:10.2,12.30 2 1
go_tutoriols/VectorEngine/distance.go:12.30,15.3 2 1
go_tutoriols/VectorEngine/distance.go:17.2,17.17 1 1
go_tutoriols/VectorEngine/insert.go:13.52,16.29 1 1
go_tutoriols/VectorEngine/insert.go:16.29,18.3 1 0
go_tutoriols/VectorEngine/insert.go:20.2,20.14 1 1
go_tutoriols/VectorEngine/insert.go:20.14,22.3 1 0
go_tutoriols/VectorEngine/insert.go:25.2,28.24 3 1
go_tutoriols/VectorEngine/insert.go:28.24,30.3 1 0
go_tutoriols/VectorEngine/insert.go:33.2,36.17 2 1
go_tutoriols/VectorEngine/insert.go:36.17,40.3 3 1
go_tutoriols/VectorEngine/insert.go:46.2,47.16 2 1
go_tutoriols/VectorEngine/insert.go:47.16,49.3 1 0
go_tutoriols/VectorEngine/insert.go:51.2,51.20 1 1
go_tutoriols/VectorEngine/insert.go:51.20,53.3 1 0
go_tutoriols/VectorEngine/insert.go:59.2,59.39 1 1
go_tutoriols/VectorEngine/insert.go:59.39,61.3 1 1
go_tutoriols/VectorEngine/insert.go:67.2,68.19 2 1
go_tutoriols/VectorEngine/insert.go:68.19,70.3 1 1
go_tutoriols/VectorEngine/insert.go:76.2,76.25 1 1
go_tutoriols/VectorEngine/insert.go:76.25,84.3 3 1
go_tutoriols/VectorEngine/insert.go:90.2,90.21 1 1
go_tutoriols/VectorEngine/insert.go:90.21,92.3 1 1
go_tutoriols/VectorEngine/insert.go:94.2,94.19 1 1
go_tutoriols/VectorEngine/search_topk.go:12.73,15.17 1 1
go_tutoriols/VectorEngine/search_topk.go:15.17,17.3 1 1
go_tutoriols/VectorEngine/search_topk.go:19.2,19.31 1 1
go_tutoriols/VectorEngine/search_topk.go:19.31,21.3 1 1
go_tutoriols/VectorEngine/search_topk.go:23.2,23.12 1 1
go_tutoriols/VectorEngine/search_topk.go:23.12,25.3 1 1
go_tutoriols/VectorEngine/search_topk.go:31.2,32.16 2 1
go_tutoriols/VectorEngine/search_topk.go:32.16,34.3 1 0
go_tutoriols/VectorEngine/search_topk.go:36.2,36.20 1 1
go_tutoriols/VectorEngine/search_topk.go:36.20,38.3 1 0
go_tutoriols/VectorEngine/search_topk.go:44.2,44.39 1 1
go_tutoriols/VectorEngine/search_topk.go:44.39,46.3 1 1
go_tutoriols/VectorEngine/search_topk.go:52.2,52.19 1 1
go_tutoriols/VectorEngine/search_topk.go:52.19,54.3 1 1
go_tutoriols/VectorEngine/search_topk.go:56.2,56.22 1 1
go_tutoriols/VectorEngine/storage.go:25.57,42.2 2 1
go_tutoriols/VectorEngine/storage.go:46.45,49.2 2 1
go_tutoriols/VectorEngine/storage.go:51.50,54.2 2 1
go_tutoriols/VectorEngine/storage.go:58.56,60.2 1 1
go_tutoriols/VectorEngine/storage.go:62.69,64.46 1 1
go_tutoriols/VectorEngine/storage.go:64.46,66.3 1 1
go_tutoriols/VectorEngine/storage.go:68.2,68.39 1 1
go_tutoriols/VectorEngine/storage.go:68.39,70.3 1 1
go_tutoriols/VectorEngine/storage.go:72.2,72.42 1 1
go_tutoriols/VectorEngine/storage.go:77.85,79.46 1 1
go_tutoriols/VectorEngine/storage.go:79.46,81.3 1 1
go_tutoriols/VectorEngine/storage.go:83.2,83.39 1 1
go_tutoriols/VectorEngine/storage.go:83.39,85.3 1 0
go_tutoriols/VectorEngine/storage.go:87.2,87.33 1 1
go_tutoriols/VectorEngine/storage.go:87.33,89.3 1 1
go_tutoriols/VectorEngine/storage.go:91.2,93.58 2 1
go_tutoriols/VectorEngine/storage.go:93.58,95.3 1 0
go_tutoriols/VectorEngine/storage.go:97.2,99.14 2 1
go_tutoriols/VectorEngine/storage.go:99.14,101.3 1 1
go_tutoriols/VectorEngine/storage.go:103.2,103.17 1 1
go_tutoriols/VectorEngine/storage.go:108.55,111.2 2 1
go_tutoriols/VectorEngine/storage.go:113.62,116.27 2 1
go_tutoriols/VectorEngine/storage.go:116.27,117.32 1 1
go_tutoriols/VectorEngine/storage.go:117.32,120.4 2 1
go_tutoriols/VectorEngine/storage.go:126.43,129.27 2 1
go_tutoriols/VectorEngine/storage.go:129.27,131.3 1 1
go_tutoriols/VectorEngine/storage.go:133.2,133.26 1 1
go_tutoriols/VectorEngine/storage.go:133.26,135.3 1 1
go_tutoriols/VectorEngine/storage.go:137.2,137.14 1 1
go_tutoriols/VectorEngine/traverse.go:3.93,10.16 4 1
go_tutoriols/VectorEngine/traverse.go:10.16,12.3 1 1
go_tutoriols/VectorEngine/traverse.go:14.2,14.6 1 1
go_tutoriols/VectorEngine/traverse.go:14.6,22.32 5 1
go_tutoriols/VectorEngine/traverse.go:22.32,23.15 1 1
go_tutoriols/VectorEngine/traverse.go:23.15,24.13 1 1
go_tutoriols/VectorEngine/traverse.go:27.4,30.18 3 1
go_tutoriols/VectorEngine/traverse.go:30.18,32.5 1 0
go_tutoriols/VectorEngine/traverse.go:34.4,34.32 1 1
go_tutoriols/VectorEngine/traverse.go:34.32,38.5 3 1
go_tutoriols/VectorEngine/traverse.go:42.3,42.16 1 1
go_tutoriols/VectorEngine/traverse.go:42.16,44.4 1 1
go_tutoriols/VectorEngine/traverse.go:47.3,48.31 2 1
